Using pre-set license
Built from '2022.3/staging' branch; Version is '2022.3.50f1 (c3db7f8bf9b1) revision 12835711'; Using compiler version '192829333'; Build Type 'Release'
OS: 'Windows 11  (10.0.26200) 64bit Core' Language: 'de' Physical Memory: 32151 MB
BatchMode: 1, IsHumanControllingUs: 0, StartBugReporterOnCrash: 0, Is64bit: 1, IsPro: 1

COMMAND LINE ARGUMENTS:
C:\Program Files\Unity\Hub\Editor\2022.3.50f1\Editor\Unity.exe
-adb2
-batchMode
-noUpm
-name
AssetImportWorker8
-projectPath
C:/Users/joelw/Unity/Dungeon-of-the-Deep/3d supere duper omega cool game
-logFile
Logs/AssetImportWorker8.log
-srvPort
62480
Successfully changed project path to: C:/Users/joelw/Unity/Dungeon-of-the-Deep/3d supere duper omega cool game
C:/Users/joelw/Unity/Dungeon-of-the-Deep/3d supere duper omega cool game
[UnityMemory] Configuration Parameters - Can be set up in boot.config
    "memorysetup-bucket-allocator-granularity=16"
    "memorysetup-bucket-allocator-bucket-count=8"
    "memorysetup-bucket-allocator-block-size=33554432"
    "memorysetup-bucket-allocator-block-count=8"
    "memorysetup-main-allocator-block-size=16777216"
    "memorysetup-thread-allocator-block-size=16777216"
    "memorysetup-gfx-main-allocator-block-size=16777216"
    "memorysetup-gfx-thread-allocator-block-size=16777216"
    "memorysetup-cache-allocator-block-size=4194304"
    "memorysetup-typetree-allocator-block-size=2097152"
    "memorysetup-profiler-bucket-allocator-granularity=16"
    "memorysetup-profiler-bucket-allocator-bucket-count=8"
    "memorysetup-profiler-bucket-allocator-block-size=33554432"
    "memorysetup-profiler-bucket-allocator-block-count=8"
    "memorysetup-profiler-allocator-block-size=16777216"
    "memorysetup-profiler-editor-allocator-block-size=1048576"
    "memorysetup-temp-allocator-size-main=16777216"
    "memorysetup-job-temp-allocator-block-size=2097152"
    "memorysetup-job-temp-allocator-block-size-background=1048576"
    "memorysetup-job-temp-allocator-reduction-small-platforms=262144"
    "memorysetup-allocator-temp-initial-block-size-main=262144"
    "memorysetup-allocator-temp-initial-block-size-worker=262144"
    "memorysetup-temp-allocator-size-background-worker=32768"
    "memorysetup-temp-allocator-size-job-worker=262144"
    "memorysetup-temp-allocator-size-preload-manager=33554432"
    "memorysetup-temp-allocator-size-nav-mesh-worker=65536"
    "memorysetup-temp-allocator-size-audio-worker=65536"
    "memorysetup-temp-allocator-size-cloud-worker=32768"
    "memorysetup-temp-allocator-size-gi-baking-worker=262144"
    "memorysetup-temp-allocator-size-gfx=262144"
Player connection [17516]  Target information:

Player connection [17516]  * "[IP] 192.168.68.64 [Port] 0 [Flags] 2 [Guid] 1345050727 [EditorId] 1345050727 [Version] 1048832 [Id] WindowsEditor(7,LAPTOP-FBMD17ID) [Debug] 1 [PackageName] WindowsEditor [ProjectName] Editor" 

Player connection [17516] Host joined multi-casting on [225.0.0.222:54997]...
Player connection [17516] Host joined alternative multi-casting on [225.0.0.222:34997]...
[PhysX] Initialized MultithreadedTaskDispatcher with 22 workers.
Refreshing native plugins compatible for Editor in 9.85 ms, found 3 plugins.
Preloading 0 native plugins for Editor in 0.00 ms.
Initialize engine version: 2022.3.50f1 (c3db7f8bf9b1)
[Subsystems] Discovering subsystems at path C:/Program Files/Unity/Hub/Editor/2022.3.50f1/Editor/Data/Resources/UnitySubsystems
[Subsystems] Discovering subsystems at path C:/Users/joelw/Unity/Dungeon-of-the-Deep/3d supere duper omega cool game/Assets
GfxDevice: creating device client; threaded=0; jobified=0
Direct3D:
    Version:  Direct3D 11.0 [level 11.1]
    Renderer: NVIDIA GeForce RTX 4070 Laptop GPU (ID=0x2820)
    Vendor:   NVIDIA
    VRAM:     7948 MB
    Driver:   32.0.15.8183
Initialize mono
Mono path[0] = 'C:/Program Files/Unity/Hub/Editor/2022.3.50f1/Editor/Data/Managed'
Mono path[1] = 'C:/Program Files/Unity/Hub/Editor/2022.3.50f1/Editor/Data/MonoBleedingEdge/lib/mono/unityjit-win32'
Mono config path = 'C:/Program Files/Unity/Hub/Editor/2022.3.50f1/Editor/Data/MonoBleedingEdge/etc'
Using monoOptions --debugger-agent=transport=dt_socket,embedding=1,server=y,suspend=n,address=127.0.0.1:56400
Begin MonoManager ReloadAssembly
Registering precompiled unity dll's ...
Register platform support module: C:/Program Files/Unity/Hub/Editor/2022.3.50f1/Editor/Data/PlaybackEngines/WebGLSupport/UnityEditor.WebGL.Extensions.dll
Register platform support module: C:/Program Files/Unity/Hub/Editor/2022.3.50f1/Editor/Data/PlaybackEngines/WindowsStandaloneSupport/UnityEditor.WindowsStandalone.Extensions.dll
Registered in 0.009503 seconds.
- Loaded All Assemblies, in  0.442 seconds
Native extension for WindowsStandalone target not found
Native extension for WebGL target not found
Mono: successfully reloaded assembly
- Finished resetting the current domain, in  0.289 seconds
Domain Reload Profiling: 729ms
	BeginReloadAssembly (133ms)
		ExecutionOrderSort (0ms)
		DisableScriptedObjects (0ms)
		BackupInstance (0ms)
		ReleaseScriptingObjects (0ms)
		CreateAndSetChildDomain (1ms)
	RebuildCommonClasses (50ms)
	RebuildNativeTypeToScriptingClass (12ms)
	initialDomainReloadingComplete (80ms)
	LoadAllAssembliesAndSetupDomain (164ms)
		LoadAssemblies (131ms)
		RebuildTransferFunctionScriptingTraits (0ms)
		AnalyzeDomain (162ms)
			TypeCache.Refresh (160ms)
				TypeCache.ScanAssembly (148ms)
			ScanForSourceGeneratedMonoScriptInfo (0ms)
			ResolveRequiredComponents (0ms)
	FinalizeReload (290ms)
		ReleaseScriptCaches (0ms)
		RebuildScriptCaches (0ms)
		SetupLoadedEditorAssemblies (241ms)
			LogAssemblyErrors (0ms)
			InitializePlatformSupportModulesInManaged (10ms)
			SetLoadedEditorAssemblies (6ms)
			RefreshPlugins (0ms)
			BeforeProcessingInitializeOnLoad (2ms)
			ProcessInitializeOnLoadAttributes (158ms)
			ProcessInitializeOnLoadMethodAttributes (65ms)
			AfterProcessingInitializeOnLoad (0ms)
			EditorAssembliesLoaded (0ms)
		ExecutionOrderSort2 (0ms)
		AwakeInstancesAfterBackupRestoration (0ms)
========================================================================
Worker process is ready to serve import requests
Caller must complete domain reload
Begin MonoManager ReloadAssembly
- Loaded All Assemblies, in  0.594 seconds
Native extension for WindowsStandalone target not found
Native extension for WebGL target not found
Mono: successfully reloaded assembly
- Finished resetting the current domain, in  0.568 seconds
Domain Reload Profiling: 1160ms
	BeginReloadAssembly (146ms)
		ExecutionOrderSort (0ms)
		DisableScriptedObjects (5ms)
		BackupInstance (0ms)
		ReleaseScriptingObjects (0ms)
		CreateAndSetChildDomain (21ms)
	RebuildCommonClasses (30ms)
	RebuildNativeTypeToScriptingClass (9ms)
	initialDomainReloadingComplete (38ms)
	LoadAllAssembliesAndSetupDomain (367ms)
		LoadAssemblies (284ms)
		RebuildTransferFunctionScriptingTraits (0ms)
		AnalyzeDomain (168ms)
			TypeCache.Refresh (146ms)
				TypeCache.ScanAssembly (134ms)
			ScanForSourceGeneratedMonoScriptInfo (14ms)
			ResolveRequiredComponents (6ms)
	FinalizeReload (569ms)
		ReleaseScriptCaches (0ms)
		RebuildScriptCaches (0ms)
		SetupLoadedEditorAssemblies (429ms)
			LogAssemblyErrors (0ms)
			InitializePlatformSupportModulesInManaged (8ms)
			SetLoadedEditorAssemblies (3ms)
			RefreshPlugins (0ms)
			BeforeProcessingInitializeOnLoad (53ms)
			ProcessInitializeOnLoadAttributes (336ms)
			ProcessInitializeOnLoadMethodAttributes (23ms)
			AfterProcessingInitializeOnLoad (6ms)
			EditorAssembliesLoaded (1ms)
		ExecutionOrderSort2 (0ms)
		AwakeInstancesAfterBackupRestoration (7ms)
Launched and connected shader compiler UnityShaderCompiler.exe after 0.08 seconds
Refreshing native plugins compatible for Editor in 3.94 ms, found 3 plugins.
Preloading 0 native plugins for Editor in 0.00 ms.
Unloading 3402 Unused Serialized files (Serialized files now loaded: 0)
Unloading 19 unused Assets / (54.7 KB). Loaded Objects now: 3870.
Memory consumption went from 131.2 MB to 131.1 MB.
Total: 4.634200 ms (FindLiveObjects: 0.393800 ms CreateObjectMapping: 0.091200 ms MarkObjects: 4.024400 ms  DeleteObjects: 0.122900 ms)

AssetImportParameters requested are different than current active one (requested -> active):
  custom:container-demuxer-ogg: 62fdf1f143b41e24485cea50d1cbac27 -> 
  custom:video-codec-MediaFoundation-h265: 746d11721c4dcdbdad8f713fa42b33f4 -> 
  custom:video-decoder-ogg-theora: a1e56fd34408186e4bbccfd4996cb3dc -> 
  custom:framework-win-MediaFoundation: 216162199b28c13a410421893ffa2e32 -> 
  custom:CustomObjectIndexerAttribute: 9a22284fe3817be447336de3de66b15e -> 
  custom:container-demuxer-webm: 4f35f7cbe854078d1ac9338744f61a02 -> 
  custom:container-muxer-webm: aa71ff27fc2769a1b78a27578f13a17b -> 
  custom:video-decoder-webm-vp8: 9c59270c3fd7afecdb556c50c9e8de78 -> 
  custom:SearchIndexIgnoredProperties: e643bd26f0fe6173181afceb89e7c659 -> 
  custom:AudioImporter_EditorPlatform: d09bf68614088b80899f8185d706f6e7 -> 
  custom:video-encoder-webm-vp8: eb34c28f22e8b96e1ab97ce403110664 -> 
  custom:audio-decoder-ogg-vorbis: bf7c407c2cedff20999df2af8eb42d56 -> 
  custom:audio-encoder-webm-vorbis: bf7c407c2cedff20999df2af8eb42d56 -> 
========================================================================
Received Import Request.
  Time since last request: 55884.327230 seconds.
  path: Assets/BrokenVector/LowPolyDungeon/Models/Furniture/Amphora_Stand.fbx
  artifactKey: Guid(e21b6c9b113d50a4b865c5a99ce0a58e) Importer(815301076,1909f56bfc062723c751e8b465ee728b)
Start importing Assets/BrokenVector/LowPolyDungeon/Models/Furniture/Amphora_Stand.fbx using Guid(e21b6c9b113d50a4b865c5a99ce0a58e) Importer(815301076,1909f56bfc062723c751e8b465ee728b) [PhysX] Initialized MultithreadedTaskDispatcher with 22 workers.
[PhysX] Initialized MultithreadedTaskDispatcher with 22 workers.
[PhysX] Initialized MultithreadedTaskDispatcher with 22 workers.
 -> (artifact id: '81208922986376160f2336585c1706f2') in 0.179611 seconds
Number of updated asset objects reloaded before import = 0
Number of asset objects unloaded after import = 10
========================================================================
Received Import Request.
  Time since last request: 0.000047 seconds.
  path: Assets/BrokenVector/LowPolyDungeon/Models/Furniture/Throne.fbx
  artifactKey: Guid(5733f9122e42eac43a5c2fe88ce50d79) Importer(815301076,1909f56bfc062723c751e8b465ee728b)
Start importing Assets/BrokenVector/LowPolyDungeon/Models/Furniture/Throne.fbx using Guid(5733f9122e42eac43a5c2fe88ce50d79) Importer(815301076,1909f56bfc062723c751e8b465ee728b) [PhysX] Initialized MultithreadedTaskDispatcher with 22 workers.
[PhysX] Initialized MultithreadedTaskDispatcher with 22 workers.
[PhysX] Initialized MultithreadedTaskDispatcher with 22 workers.
 -> (artifact id: '9660386f7bbdff0d21b113399dd91b15') in 0.054165 seconds
Number of updated asset objects reloaded before import = 0
Number of asset objects unloaded after import = 11
========================================================================
Received Import Request.
  Time since last request: 0.000038 seconds.
  path: Assets/BrokenVector/LowPolyDungeon/Models/Furniture/Shelf_Wall.fbx
  artifactKey: Guid(2635c774666268e47b7d059c5f4ebbd9) Importer(815301076,1909f56bfc062723c751e8b465ee728b)
Start importing Assets/BrokenVector/LowPolyDungeon/Models/Furniture/Shelf_Wall.fbx using Guid(2635c774666268e47b7d059c5f4ebbd9) Importer(815301076,1909f56bfc062723c751e8b465ee728b) [PhysX] Initialized MultithreadedTaskDispatcher with 22 workers.
[PhysX] Initialized MultithreadedTaskDispatcher with 22 workers.
[PhysX] Initialized MultithreadedTaskDispatcher with 22 workers.
 -> (artifact id: '1545f4b1ae2109fdfa9cdeffcce2e84d') in 0.027997 seconds
Number of updated asset objects reloaded before import = 0
Number of asset objects unloaded after import = 10
========================================================================
Received Import Request.
  Time since last request: 0.000029 seconds.
  path: Assets/BrokenVector/LowPolyDungeon/Models/Furniture/Carpet_Green.fbx
  artifactKey: Guid(2db4b38c5968c334ba9ebd8d33dda174) Importer(815301076,1909f56bfc062723c751e8b465ee728b)
Start importing Assets/BrokenVector/LowPolyDungeon/Models/Furniture/Carpet_Green.fbx using Guid(2db4b38c5968c334ba9ebd8d33dda174) Importer(815301076,1909f56bfc062723c751e8b465ee728b) [PhysX] Initialized MultithreadedTaskDispatcher with 22 workers.
[PhysX] Initialized MultithreadedTaskDispatcher with 22 workers.
[PhysX] Initialized MultithreadedTaskDispatcher with 22 workers.
 -> (artifact id: 'cc66377d5d70eae413ffafe6da03f733') in 0.030977 seconds
Number of updated asset objects reloaded before import = 0
Number of asset objects unloaded after import = 10
========================================================================
Received Import Request.
  Time since last request: 4.564718 seconds.
  path: Assets/BrokenVector/LowPolyDungeon/Models/Lamps/Candlestick.fbx
  artifactKey: Guid(b541dad3b2450d64289359950648dcfb) Importer(815301076,1909f56bfc062723c751e8b465ee728b)
Start importing Assets/BrokenVector/LowPolyDungeon/Models/Lamps/Candlestick.fbx using Guid(b541dad3b2450d64289359950648dcfb) Importer(815301076,1909f56bfc062723c751e8b465ee728b) [PhysX] Initialized MultithreadedTaskDispatcher with 22 workers.
[PhysX] Initialized MultithreadedTaskDispatcher with 22 workers.
[PhysX] Initialized MultithreadedTaskDispatcher with 22 workers.
 -> (artifact id: '995712ad619f2b28f5d956ac14f42272') in 0.060566 seconds
Number of updated asset objects reloaded before import = 0
Number of asset objects unloaded after import = 11
========================================================================
Received Import Request.
  Time since last request: 2.122281 seconds.
  path: Assets/BrokenVector/LowPolyDungeon/Models/Tiles/Balcony.fbx
  artifactKey: Guid(b5bc1dd11c6f2254390d709ebc8d40b5) Importer(815301076,1909f56bfc062723c751e8b465ee728b)
Start importing Assets/BrokenVector/LowPolyDungeon/Models/Tiles/Balcony.fbx using Guid(b5bc1dd11c6f2254390d709ebc8d40b5) Importer(815301076,1909f56bfc062723c751e8b465ee728b) [PhysX] Initialized MultithreadedTaskDispatcher with 22 workers.
[PhysX] Initialized MultithreadedTaskDispatcher with 22 workers.
[PhysX] Initialized MultithreadedTaskDispatcher with 22 workers.
 -> (artifact id: 'b4166c03c4400fc8d2dd535bc7b3fbba') in 0.034974 seconds
Number of updated asset objects reloaded before import = 0
Number of asset objects unloaded after import = 10
========================================================================
Received Import Request.
  Time since last request: 0.000030 seconds.
  path: Assets/BrokenVector/LowPolyDungeon/Models/Tiles/Dungeon_Hall_Wall.fbx
  artifactKey: Guid(a39725da2f6e50a4d888e2e3bdbb0cc0) Importer(815301076,1909f56bfc062723c751e8b465ee728b)
Start importing Assets/BrokenVector/LowPolyDungeon/Models/Tiles/Dungeon_Hall_Wall.fbx using Guid(a39725da2f6e50a4d888e2e3bdbb0cc0) Importer(815301076,1909f56bfc062723c751e8b465ee728b) [PhysX] Initialized MultithreadedTaskDispatcher with 22 workers.
[PhysX] Initialized MultithreadedTaskDispatcher with 22 workers.
[PhysX] Initialized MultithreadedTaskDispatcher with 22 workers.
 -> (artifact id: 'e546a3d168b8c5098a2f6d38775f0fff') in 0.065053 seconds
Number of updated asset objects reloaded before import = 0
Number of asset objects unloaded after import = 11
========================================================================
Received Import Request.
  Time since last request: 0.000037 seconds.
  path: Assets/BrokenVector/LowPolyDungeon/Models/Tiles/Dungeon_Custom_Border_Flat.fbx
  artifactKey: Guid(6e198ba3384543040a57f4dc55928695) Importer(815301076,1909f56bfc062723c751e8b465ee728b)
Start importing Assets/BrokenVector/LowPolyDungeon/Models/Tiles/Dungeon_Custom_Border_Flat.fbx using Guid(6e198ba3384543040a57f4dc55928695) Importer(815301076,1909f56bfc062723c751e8b465ee728b) [PhysX] Initialized MultithreadedTaskDispatcher with 22 workers.
[PhysX] Initialized MultithreadedTaskDispatcher with 22 workers.
[PhysX] Initialized MultithreadedTaskDispatcher with 22 workers.
 -> (artifact id: 'd2d23645a0e9be7122eb0e35131f1a73') in 0.068337 seconds
Number of updated asset objects reloaded before import = 0
Number of asset objects unloaded after import = 11
========================================================================
Received Import Request.
  Time since last request: 0.000031 seconds.
  path: Assets/BrokenVector/LowPolyDungeon/Models/Tiles/DoorGate_Wooden_Left.fbx
  artifactKey: Guid(a26e8605291c03d42ba85f7364aea582) Importer(815301076,1909f56bfc062723c751e8b465ee728b)
Start importing Assets/BrokenVector/LowPolyDungeon/Models/Tiles/DoorGate_Wooden_Left.fbx using Guid(a26e8605291c03d42ba85f7364aea582) Importer(815301076,1909f56bfc062723c751e8b465ee728b) [PhysX] Initialized MultithreadedTaskDispatcher with 22 workers.
[PhysX] Initialized MultithreadedTaskDispatcher with 22 workers.
[PhysX] Initialized MultithreadedTaskDispatcher with 22 workers.
 -> (artifact id: '0d4fdf37b75e24622fb0b04cbae81aff') in 0.033721 seconds
Number of updated asset objects reloaded before import = 0
Number of asset objects unloaded after import = 11
========================================================================
Received Import Request.
  Time since last request: 0.000036 seconds.
  path: Assets/BrokenVector/LowPolyDungeon/Models/Tiles/Basement_Var3.fbx
  artifactKey: Guid(0c7dbb34fba6e4047ac74337acfb235d) Importer(815301076,1909f56bfc062723c751e8b465ee728b)
Start importing Assets/BrokenVector/LowPolyDungeon/Models/Tiles/Basement_Var3.fbx using Guid(0c7dbb34fba6e4047ac74337acfb235d) Importer(815301076,1909f56bfc062723c751e8b465ee728b) [PhysX] Initialized MultithreadedTaskDispatcher with 22 workers.
[PhysX] Initialized MultithreadedTaskDispatcher with 22 workers.
[PhysX] Initialized MultithreadedTaskDispatcher with 22 workers.
 -> (artifact id: '6e9be2ba184b1e9cbb433fb59f85d17b') in 0.032744 seconds
Number of updated asset objects reloaded before import = 0
Number of asset objects unloaded after import = 14
========================================================================
Received Import Request.
  Time since last request: 0.000031 seconds.
  path: Assets/BrokenVector/LowPolyDungeon/Models/Tiles/Dungeon_Hall_Corner_Inverted.fbx
  artifactKey: Guid(652440dd64bfc854c83cb08ebb580eba) Importer(815301076,1909f56bfc062723c751e8b465ee728b)
Start importing Assets/BrokenVector/LowPolyDungeon/Models/Tiles/Dungeon_Hall_Corner_Inverted.fbx using Guid(652440dd64bfc854c83cb08ebb580eba) Importer(815301076,1909f56bfc062723c751e8b465ee728b) [PhysX] Initialized MultithreadedTaskDispatcher with 22 workers.
[PhysX] Initialized MultithreadedTaskDispatcher with 22 workers.
[PhysX] Initialized MultithreadedTaskDispatcher with 22 workers.
 -> (artifact id: '383e2c343a56b18c8b8d63321e0b1a5b') in 0.043069 seconds
Number of updated asset objects reloaded before import = 0
Number of asset objects unloaded after import = 11
========================================================================
Received Import Request.
  Time since last request: 0.000034 seconds.
  path: Assets/BrokenVector/LowPolyDungeon/Models/Tiles/Dungeon_Hall_Wall_Stairs_Right.fbx
  artifactKey: Guid(7c2f4c5b4c477554c834c3e41cfa4cbb) Importer(815301076,1909f56bfc062723c751e8b465ee728b)
Start importing Assets/BrokenVector/LowPolyDungeon/Models/Tiles/Dungeon_Hall_Wall_Stairs_Right.fbx using Guid(7c2f4c5b4c477554c834c3e41cfa4cbb) Importer(815301076,1909f56bfc062723c751e8b465ee728b) [PhysX] Initialized MultithreadedTaskDispatcher with 22 workers.
[PhysX] Initialized MultithreadedTaskDispatcher with 22 workers.
[PhysX] Initialized MultithreadedTaskDispatcher with 22 workers.
 -> (artifact id: 'f8e6d1637c5875988f80bf57afc3bf03') in 0.032270 seconds
Number of updated asset objects reloaded before import = 0
Number of asset objects unloaded after import = 11
========================================================================
Received Import Request.
  Time since last request: 0.000024 seconds.
  path: Assets/BrokenVector/LowPolyDungeon/Models/Tiles/Dungeon_Custom_Corner_Inverted.fbx
  artifactKey: Guid(cc0d753042eccfa43a8bf95a5d63a325) Importer(815301076,1909f56bfc062723c751e8b465ee728b)
Start importing Assets/BrokenVector/LowPolyDungeon/Models/Tiles/Dungeon_Custom_Corner_Inverted.fbx using Guid(cc0d753042eccfa43a8bf95a5d63a325) Importer(815301076,1909f56bfc062723c751e8b465ee728b) [PhysX] Initialized MultithreadedTaskDispatcher with 22 workers.
[PhysX] Initialized MultithreadedTaskDispatcher with 22 workers.
[PhysX] Initialized MultithreadedTaskDispatcher with 22 workers.
 -> (artifact id: 'e574261946379871e35c0e5a96e70743') in 0.030478 seconds
Number of updated asset objects reloaded before import = 0
Number of asset objects unloaded after import = 11
========================================================================
Received Import Request.
  Time since last request: 2.308186 seconds.
  path: Assets/BrokenVector/LowPolyDungeon/Models/Tiles/Dungeon_Straight_Half.fbx
  artifactKey: Guid(0fa0fbfa9a188bd4786d33725057196c) Importer(815301076,1909f56bfc062723c751e8b465ee728b)
Start importing Assets/BrokenVector/LowPolyDungeon/Models/Tiles/Dungeon_Straight_Half.fbx using Guid(0fa0fbfa9a188bd4786d33725057196c) Importer(815301076,1909f56bfc062723c751e8b465ee728b) [PhysX] Initialized MultithreadedTaskDispatcher with 22 workers.
[PhysX] Initialized MultithreadedTaskDispatcher with 22 workers.
[PhysX] Initialized MultithreadedTaskDispatcher with 22 workers.
 -> (artifact id: '633521a36ca9181408a264bb2c7aa762') in 0.042760 seconds
Number of updated asset objects reloaded before import = 0
Number of asset objects unloaded after import = 11
========================================================================
Received Import Request.
  Time since last request: 0.217154 seconds.
  path: Assets/BrokenVector/LowPolyDungeon/Models/Tiles/FloorTIle.fbx
  artifactKey: Guid(20f2ea214cfe0d748b1b4b8ad965af69) Importer(815301076,1909f56bfc062723c751e8b465ee728b)
Start importing Assets/BrokenVector/LowPolyDungeon/Models/Tiles/FloorTIle.fbx using Guid(20f2ea214cfe0d748b1b4b8ad965af69) Importer(815301076,1909f56bfc062723c751e8b465ee728b) [PhysX] Initialized MultithreadedTaskDispatcher with 22 workers.
[PhysX] Initialized MultithreadedTaskDispatcher with 22 workers.
[PhysX] Initialized MultithreadedTaskDispatcher with 22 workers.
 -> (artifact id: '38f9fea8928712b97626171312948e69') in 0.053273 seconds
Number of updated asset objects reloaded before import = 0
Number of asset objects unloaded after import = 10
========================================================================
Received Import Request.
  Time since last request: 0.027615 seconds.
  path: Assets/BrokenVector/LowPolyDungeon/Models/Tiles/Hallway_Full.fbx
  artifactKey: Guid(181df0eb8277cec4caa4a9a66c7221de) Importer(815301076,1909f56bfc062723c751e8b465ee728b)
Start importing Assets/BrokenVector/LowPolyDungeon/Models/Tiles/Hallway_Full.fbx using Guid(181df0eb8277cec4caa4a9a66c7221de) Importer(815301076,1909f56bfc062723c751e8b465ee728b) [PhysX] Initialized MultithreadedTaskDispatcher with 22 workers.
[PhysX] Initialized MultithreadedTaskDispatcher with 22 workers.
[PhysX] Initialized MultithreadedTaskDispatcher with 22 workers.
 -> (artifact id: 'd5908086fdc5933d263a145846d0cc64') in 0.036050 seconds
Number of updated asset objects reloaded before import = 0
Number of asset objects unloaded after import = 11
========================================================================
Received Import Request.
  Time since last request: 0.438013 seconds.
  path: Assets/BrokenVector/LowPolyDungeon/Models/Tiles/Hallway_toStaircase_Top.fbx
  artifactKey: Guid(36e34ddc66f7c3143bbe7c27a2e24505) Importer(815301076,1909f56bfc062723c751e8b465ee728b)
Start importing Assets/BrokenVector/LowPolyDungeon/Models/Tiles/Hallway_toStaircase_Top.fbx using Guid(36e34ddc66f7c3143bbe7c27a2e24505) Importer(815301076,1909f56bfc062723c751e8b465ee728b) [PhysX] Initialized MultithreadedTaskDispatcher with 22 workers.
[PhysX] Initialized MultithreadedTaskDispatcher with 22 workers.
[PhysX] Initialized MultithreadedTaskDispatcher with 22 workers.
 -> (artifact id: 'b7f86a613cb19c879736806186288dbc') in 0.043732 seconds
Number of updated asset objects reloaded before import = 0
Number of asset objects unloaded after import = 11
========================================================================
Received Import Request.
  Time since last request: 0.022572 seconds.
  path: Assets/BrokenVector/LowPolyDungeon/Models/Tiles/Jail_Door_Right.fbx
  artifactKey: Guid(7dc17e9f3a67d6e419d0c8c298690c5c) Importer(815301076,1909f56bfc062723c751e8b465ee728b)
Start importing Assets/BrokenVector/LowPolyDungeon/Models/Tiles/Jail_Door_Right.fbx using Guid(7dc17e9f3a67d6e419d0c8c298690c5c) Importer(815301076,1909f56bfc062723c751e8b465ee728b) [PhysX] Initialized MultithreadedTaskDispatcher with 22 workers.
[PhysX] Initialized MultithreadedTaskDispatcher with 22 workers.
[PhysX] Initialized MultithreadedTaskDispatcher with 22 workers.
 -> (artifact id: 'dbae8115e70d2930ba342b5fb5363403') in 0.035139 seconds
Number of updated asset objects reloaded before import = 0
Number of asset objects unloaded after import = 10
========================================================================
Received Import Request.
  Time since last request: 0.090906 seconds.
  path: Assets/BrokenVector/LowPolyDungeon/Models/Tiles/Portcullis_Metal.fbx
  artifactKey: Guid(dcf471cf5bc58a74db5ba5a1bc163997) Importer(815301076,1909f56bfc062723c751e8b465ee728b)
Start importing Assets/BrokenVector/LowPolyDungeon/Models/Tiles/Portcullis_Metal.fbx using Guid(dcf471cf5bc58a74db5ba5a1bc163997) Importer(815301076,1909f56bfc062723c751e8b465ee728b) [PhysX] Initialized MultithreadedTaskDispatcher with 22 workers.
[PhysX] Initialized MultithreadedTaskDispatcher with 22 workers.
[PhysX] Initialized MultithreadedTaskDispatcher with 22 workers.
 -> (artifact id: '008588c7f035d966cbf0e61e0c13ef55') in 0.033281 seconds
Number of updated asset objects reloaded before import = 0
Number of asset objects unloaded after import = 10
========================================================================
Received Import Request.
  Time since last request: 0.031122 seconds.
  path: Assets/BrokenVector/LowPolyDungeon/Models/Tiles/Stairs_Platform.fbx
  artifactKey: Guid(99e55592c6d88984cb6b00f2455032dc) Importer(815301076,1909f56bfc062723c751e8b465ee728b)
Start importing Assets/BrokenVector/LowPolyDungeon/Models/Tiles/Stairs_Platform.fbx using Guid(99e55592c6d88984cb6b00f2455032dc) Importer(815301076,1909f56bfc062723c751e8b465ee728b) [PhysX] Initialized MultithreadedTaskDispatcher with 22 workers.
[PhysX] Initialized MultithreadedTaskDispatcher with 22 workers.
[PhysX] Initialized MultithreadedTaskDispatcher with 22 workers.
 -> (artifact id: '2841688a42e921cbe257da3f1867d7c3') in 0.028991 seconds
Number of updated asset objects reloaded before import = 0
Number of asset objects unloaded after import = 11
========================================================================
Received Import Request.
  Time since last request: 70.656632 seconds.
  path: Assets/BrokenVector/LowPolyDungeon/Materials/Clay_Wall.mat
  artifactKey: Guid(5b5864ee942879c4298b45498959048c) Importer(815301076,1909f56bfc062723c751e8b465ee728b)
Start importing Assets/BrokenVector/LowPolyDungeon/Materials/Clay_Wall.mat using Guid(5b5864ee942879c4298b45498959048c) Importer(815301076,1909f56bfc062723c751e8b465ee728b) [PhysX] Initialized MultithreadedTaskDispatcher with 22 workers.
[PhysX] Initialized MultithreadedTaskDispatcher with 22 workers.
 -> (artifact id: '15e496cde7f8b14a465f803a5df7d1d8') in 0.057709 seconds
Number of updated asset objects reloaded before import = 0
Number of asset objects unloaded after import = 2
========================================================================
Received Import Request.
  Time since last request: 0.000030 seconds.
  path: Assets/BrokenVector/LowPolyDungeon/Materials/Floor_Muddy.mat
  artifactKey: Guid(2bbbb3d84dce75d4581b151f12702225) Importer(815301076,1909f56bfc062723c751e8b465ee728b)
Start importing Assets/BrokenVector/LowPolyDungeon/Materials/Floor_Muddy.mat using Guid(2bbbb3d84dce75d4581b151f12702225) Importer(815301076,1909f56bfc062723c751e8b465ee728b) [PhysX] Initialized MultithreadedTaskDispatcher with 22 workers.
[PhysX] Initialized MultithreadedTaskDispatcher with 22 workers.
 -> (artifact id: 'd45822b2932dd69cd885564f04da0a09') in 0.027884 seconds
Number of updated asset objects reloaded before import = 0
Number of asset objects unloaded after import = 2
========================================================================
Received Import Request.
  Time since last request: 0.000025 seconds.
  path: Assets/BrokenVector/LowPolyDungeon/Materials/Ember.mat
  artifactKey: Guid(c14021abfaa46d1498a6155145915532) Importer(815301076,1909f56bfc062723c751e8b465ee728b)
Start importing Assets/BrokenVector/LowPolyDungeon/Materials/Ember.mat using Guid(c14021abfaa46d1498a6155145915532) Importer(815301076,1909f56bfc062723c751e8b465ee728b) [PhysX] Initialized MultithreadedTaskDispatcher with 22 workers.
[PhysX] Initialized MultithreadedTaskDispatcher with 22 workers.
 -> (artifact id: 'cdf24d38eaceeaea43f822ff02fcbb8e') in 0.024028 seconds
Number of updated asset objects reloaded before import = 0
Number of asset objects unloaded after import = 1
========================================================================
Received Import Request.
  Time since last request: 0.000029 seconds.
  path: Assets/BrokenVector/LowPolyDungeon/Materials/Wax_Candle.mat
  artifactKey: Guid(608d5ffbcc8ba6d4da4dcc0224fef9ea) Importer(815301076,1909f56bfc062723c751e8b465ee728b)
Start importing Assets/BrokenVector/LowPolyDungeon/Materials/Wax_Candle.mat using Guid(608d5ffbcc8ba6d4da4dcc0224fef9ea) Importer(815301076,1909f56bfc062723c751e8b465ee728b) [PhysX] Initialized MultithreadedTaskDispatcher with 22 workers.
[PhysX] Initialized MultithreadedTaskDispatcher with 22 workers.
 -> (artifact id: '8138cadf5f296fb46a2aff13e0a78e49') in 0.027805 seconds
Number of updated asset objects reloaded before import = 0
Number of asset objects unloaded after import = 2
========================================================================
Received Import Request.
  Time since last request: 0.000031 seconds.
  path: Assets/BrokenVector/LowPolyDungeon/Materials/FakeSky.mat
  artifactKey: Guid(2fe819538415a2547bf4aa9f7e002555) Importer(815301076,1909f56bfc062723c751e8b465ee728b)
Start importing Assets/BrokenVector/LowPolyDungeon/Materials/FakeSky.mat using Guid(2fe819538415a2547bf4aa9f7e002555) Importer(815301076,1909f56bfc062723c751e8b465ee728b) [PhysX] Initialized MultithreadedTaskDispatcher with 22 workers.
[PhysX] Initialized MultithreadedTaskDispatcher with 22 workers.
 -> (artifact id: '6bb655938550680fdd32d9a54fc54ce9') in 0.099477 seconds
Number of updated asset objects reloaded before import = 0
Number of asset objects unloaded after import = 1
========================================================================
Received Import Request.
  Time since last request: 0.000031 seconds.
  path: Assets/BrokenVector/LowPolyDungeon/Materials/LPD_Texture.png
  artifactKey: Guid(fbdc28b4a3304bb4185e640c32ffc5c5) Importer(815301076,1909f56bfc062723c751e8b465ee728b)
Start importing Assets/BrokenVector/LowPolyDungeon/Materials/LPD_Texture.png using Guid(fbdc28b4a3304bb4185e640c32ffc5c5) Importer(815301076,1909f56bfc062723c751e8b465ee728b) [PhysX] Initialized MultithreadedTaskDispatcher with 22 workers.
[PhysX] Initialized MultithreadedTaskDispatcher with 22 workers.
 -> (artifact id: 'bb2245529c22d4ad89d6671038e85c30') in 0.033070 seconds
Number of updated asset objects reloaded before import = 0
Number of asset objects unloaded after import = 2
========================================================================
Received Import Request.
  Time since last request: 0.000047 seconds.
  path: Assets/BrokenVector/LowPolyDungeon/Materials/Metal_Polished.mat
  artifactKey: Guid(53ce828af18d0eb46b8e8ede9ab92220) Importer(815301076,1909f56bfc062723c751e8b465ee728b)
Start importing Assets/BrokenVector/LowPolyDungeon/Materials/Metal_Polished.mat using Guid(53ce828af18d0eb46b8e8ede9ab92220) Importer(815301076,1909f56bfc062723c751e8b465ee728b) [PhysX] Initialized MultithreadedTaskDispatcher with 22 workers.
[PhysX] Initialized MultithreadedTaskDispatcher with 22 workers.
 -> (artifact id: '71ddb77d62ad7cb524526d5e4ed37840') in 0.031032 seconds
Number of updated asset objects reloaded before import = 0
Number of asset objects unloaded after import = 2
========================================================================
Received Import Request.
  Time since last request: 0.000030 seconds.
  path: Assets/BrokenVector/LowPolyDungeon/Materials/Potion.mat
  artifactKey: Guid(d7afee8ecf148b041b622449663d7ef9) Importer(815301076,1909f56bfc062723c751e8b465ee728b)
Start importing Assets/BrokenVector/LowPolyDungeon/Materials/Potion.mat using Guid(d7afee8ecf148b041b622449663d7ef9) Importer(815301076,1909f56bfc062723c751e8b465ee728b) [PhysX] Initialized MultithreadedTaskDispatcher with 22 workers.
[PhysX] Initialized MultithreadedTaskDispatcher with 22 workers.
 -> (artifact id: '4923131babd9aecf99d66ec3156a4540') in 0.045975 seconds
Number of updated asset objects reloaded before import = 0
Number of asset objects unloaded after import = 2
========================================================================
Received Import Request.
  Time since last request: 1.984623 seconds.
  path: Assets/asoliddev - Low Poly Dynamic Skeleton/Materials/bone 1.mat
  artifactKey: Guid(95e54fd93b1322846bf2cb026aaf822b) Importer(815301076,1909f56bfc062723c751e8b465ee728b)
Start importing Assets/asoliddev - Low Poly Dynamic Skeleton/Materials/bone 1.mat using Guid(95e54fd93b1322846bf2cb026aaf822b) Importer(815301076,1909f56bfc062723c751e8b465ee728b) [PhysX] Initialized MultithreadedTaskDispatcher with 22 workers.
[PhysX] Initialized MultithreadedTaskDispatcher with 22 workers.
 -> (artifact id: '1668eb37f555cd1f09eb095de4b3f13c') in 0.027015 seconds
Number of updated asset objects reloaded before import = 0
Number of asset objects unloaded after import = 1
========================================================================
Received Import Request.
  Time since last request: 0.000487 seconds.
  path: Assets/asoliddev - Low Poly Dynamic Skeleton/Materials/steel.mat
  artifactKey: Guid(b1583d1731180354285d3e2b5260cfe9) Importer(815301076,1909f56bfc062723c751e8b465ee728b)
Start importing Assets/asoliddev - Low Poly Dynamic Skeleton/Materials/steel.mat using Guid(b1583d1731180354285d3e2b5260cfe9) Importer(815301076,1909f56bfc062723c751e8b465ee728b) [PhysX] Initialized MultithreadedTaskDispatcher with 22 workers.
[PhysX] Initialized MultithreadedTaskDispatcher with 22 workers.
 -> (artifact id: '929c5bd571a612af9c3927f0e554c23e') in 0.032859 seconds
Number of updated asset objects reloaded before import = 0
Number of asset objects unloaded after import = 1
========================================================================
Received Import Request.
  Time since last request: 0.000026 seconds.
  path: Assets/asoliddev - Low Poly Dynamic Skeleton/Materials/steel comp.mat
  artifactKey: Guid(1a7ac4aed9db1d748a01e88d2f6409d1) Importer(815301076,1909f56bfc062723c751e8b465ee728b)
Start importing Assets/asoliddev - Low Poly Dynamic Skeleton/Materials/steel comp.mat using Guid(1a7ac4aed9db1d748a01e88d2f6409d1) Importer(815301076,1909f56bfc062723c751e8b465ee728b) [PhysX] Initialized MultithreadedTaskDispatcher with 22 workers.
[PhysX] Initialized MultithreadedTaskDispatcher with 22 workers.
 -> (artifact id: '01022893eaaa3660d3cce47b36c48a07') in 0.026245 seconds
Number of updated asset objects reloaded before import = 0
Number of asset objects unloaded after import = 1
========================================================================
Received Import Request.
  Time since last request: 0.590236 seconds.
  path: Assets/asoliddev - Low Poly Dynamic Skeleton/Models/skeleton.fbx
  artifactKey: Guid(bb83b53305e72b7498fe95a42fca55ae) Importer(815301076,1909f56bfc062723c751e8b465ee728b)
Start importing Assets/asoliddev - Low Poly Dynamic Skeleton/Models/skeleton.fbx using Guid(bb83b53305e72b7498fe95a42fca55ae) Importer(815301076,1909f56bfc062723c751e8b465ee728b) [PhysX] Initialized MultithreadedTaskDispatcher with 22 workers.
[PhysX] Initialized MultithreadedTaskDispatcher with 22 workers.
[PhysX] Initialized MultithreadedTaskDispatcher with 22 workers.
[PhysX] Initialized MultithreadedTaskDispatcher with 22 workers.
[PhysX] Initialized MultithreadedTaskDispatcher with 22 workers.
[PhysX] Initialized MultithreadedTaskDispatcher with 22 workers.
[PhysX] Initialized MultithreadedTaskDispatcher with 22 workers.
[PhysX] Initialized MultithreadedTaskDispatcher with 22 workers.
[PhysX] Initialized MultithreadedTaskDispatcher with 22 workers.
[PhysX] Initialized MultithreadedTaskDispatcher with 22 workers.
[PhysX] Initialized MultithreadedTaskDispatcher with 22 workers.
[PhysX] Initialized MultithreadedTaskDispatcher with 22 workers.
 -> (artifact id: '69672debdffc23c8628c2a14a6cad452') in 0.132847 seconds
Number of updated asset objects reloaded before import = 0
Number of asset objects unloaded after import = 420
========================================================================
Received Import Request.
  Time since last request: 15.057771 seconds.
  path: Assets/BrokenVector/LowPolyDungeon/Prefabs/Tiles/Balcony_Post.prefab
  artifactKey: Guid(858f824f92c8a904ab91fb51c02959d8) Importer(815301076,1909f56bfc062723c751e8b465ee728b)
Start importing Assets/BrokenVector/LowPolyDungeon/Prefabs/Tiles/Balcony_Post.prefab using Guid(858f824f92c8a904ab91fb51c02959d8) Importer(815301076,1909f56bfc062723c751e8b465ee728b) [PhysX] Initialized MultithreadedTaskDispatcher with 22 workers.
[PhysX] Initialized MultithreadedTaskDispatcher with 22 workers.
 -> (artifact id: '181c972ff3d133e52161fa6a0b257ca2') in 0.039787 seconds
Number of updated asset objects reloaded before import = 0
Number of asset objects unloaded after import = 11
========================================================================
Received Import Request.
  Time since last request: 0.000026 seconds.
  path: Assets/BrokenVector/LowPolyDungeon/Prefabs/Tiles/Basement_Var1.prefab
  artifactKey: Guid(7b9bd4ff48795cf42b9f4a6c3b8a49c1) Importer(815301076,1909f56bfc062723c751e8b465ee728b)
Start importing Assets/BrokenVector/LowPolyDungeon/Prefabs/Tiles/Basement_Var1.prefab using Guid(7b9bd4ff48795cf42b9f4a6c3b8a49c1) Importer(815301076,1909f56bfc062723c751e8b465ee728b) [PhysX] Initialized MultithreadedTaskDispatcher with 22 workers.
[PhysX] Initialized MultithreadedTaskDispatcher with 22 workers.
 -> (artifact id: '090a9c8d16e635581fb84f825f93cf15') in 0.077081 seconds
Number of updated asset objects reloaded before import = 0
Number of asset objects unloaded after import = 16
========================================================================
Received Import Request.
  Time since last request: 0.000025 seconds.
  path: Assets/BrokenVector/LowPolyDungeon/Prefabs/Tiles/Basement_Var2.prefab
  artifactKey: Guid(685a0a8fbafab03459cffd23ffacc28c) Importer(815301076,1909f56bfc062723c751e8b465ee728b)
Start importing Assets/BrokenVector/LowPolyDungeon/Prefabs/Tiles/Basement_Var2.prefab using Guid(685a0a8fbafab03459cffd23ffacc28c) Importer(815301076,1909f56bfc062723c751e8b465ee728b) [PhysX] Initialized MultithreadedTaskDispatcher with 22 workers.
[PhysX] Initialized MultithreadedTaskDispatcher with 22 workers.
 -> (artifact id: '1921c095fec1e8371b904c871d922677') in 0.072833 seconds
Number of updated asset objects reloaded before import = 0
Number of asset objects unloaded after import = 15
========================================================================
Received Import Request.
  Time since last request: 0.000026 seconds.
  path: Assets/BrokenVector/LowPolyDungeon/Prefabs/Tiles/Basement_Wall_Var3.prefab
  artifactKey: Guid(3095027673429ac43888f84f7de0b80e) Importer(815301076,1909f56bfc062723c751e8b465ee728b)
Start importing Assets/BrokenVector/LowPolyDungeon/Prefabs/Tiles/Basement_Wall_Var3.prefab using Guid(3095027673429ac43888f84f7de0b80e) Importer(815301076,1909f56bfc062723c751e8b465ee728b) [PhysX] Initialized MultithreadedTaskDispatcher with 22 workers.
[PhysX] Initialized MultithreadedTaskDispatcher with 22 workers.
 -> (artifact id: 'ff5404cc704252660c86b5ec53556b89') in 0.027825 seconds
Number of updated asset objects reloaded before import = 0
Number of asset objects unloaded after import = 12
========================================================================
Received Import Request.
  Time since last request: 0.000039 seconds.
  path: Assets/BrokenVector/LowPolyDungeon/Prefabs/Tiles/Door_Wooden_Round_Left.prefab
  artifactKey: Guid(ba93fc15ee14dbf45b36696cb946115f) Importer(815301076,1909f56bfc062723c751e8b465ee728b)
Start importing Assets/BrokenVector/LowPolyDungeon/Prefabs/Tiles/Door_Wooden_Round_Left.prefab using Guid(ba93fc15ee14dbf45b36696cb946115f) Importer(815301076,1909f56bfc062723c751e8b465ee728b) [PhysX] Initialized MultithreadedTaskDispatcher with 22 workers.
[PhysX] Initialized MultithreadedTaskDispatcher with 22 workers.
 -> (artifact id: '9ebd5d7df6efb242ddb03e49a45f1968') in 0.026914 seconds
Number of updated asset objects reloaded before import = 0
Number of asset objects unloaded after import = 12
========================================================================
Received Import Request.
  Time since last request: 0.000024 seconds.
  path: Assets/BrokenVector/LowPolyDungeon/Prefabs/Tiles/Basement_Wall_Var1.prefab
  artifactKey: Guid(e52fa0ab130d63b42bcdd15456a87141) Importer(815301076,1909f56bfc062723c751e8b465ee728b)
Start importing Assets/BrokenVector/LowPolyDungeon/Prefabs/Tiles/Basement_Wall_Var1.prefab using Guid(e52fa0ab130d63b42bcdd15456a87141) Importer(815301076,1909f56bfc062723c751e8b465ee728b) [PhysX] Initialized MultithreadedTaskDispatcher with 22 workers.
[PhysX] Initialized MultithreadedTaskDispatcher with 22 workers.
 -> (artifact id: '6469d163f8790303bf50724a635ab411') in 0.028007 seconds
Number of updated asset objects reloaded before import = 0
Number of asset objects unloaded after import = 12
========================================================================
Received Import Request.
  Time since last request: 0.000023 seconds.
  path: Assets/BrokenVector/LowPolyDungeon/Prefabs/Tiles/Door_Basement_Right.prefab
  artifactKey: Guid(16efa409f7809d6499a20bf293c5df05) Importer(815301076,1909f56bfc062723c751e8b465ee728b)
Start importing Assets/BrokenVector/LowPolyDungeon/Prefabs/Tiles/Door_Basement_Right.prefab using Guid(16efa409f7809d6499a20bf293c5df05) Importer(815301076,1909f56bfc062723c751e8b465ee728b) [PhysX] Initialized MultithreadedTaskDispatcher with 22 workers.
[PhysX] Initialized MultithreadedTaskDispatcher with 22 workers.
 -> (artifact id: '7af42471a4f852b59cae44ae776b2222') in 0.025247 seconds
Number of updated asset objects reloaded before import = 0
Number of asset objects unloaded after import = 11
========================================================================
Received Import Request.
  Time since last request: 0.433650 seconds.
  path: Assets/BrokenVector/LowPolyDungeon/Prefabs/Tiles/Dungeon_Custom_Border_Flat.prefab
  artifactKey: Guid(672e720ef69a65b44a71577cd7cc26ed) Importer(815301076,1909f56bfc062723c751e8b465ee728b)
Start importing Assets/BrokenVector/LowPolyDungeon/Prefabs/Tiles/Dungeon_Custom_Border_Flat.prefab using Guid(672e720ef69a65b44a71577cd7cc26ed) Importer(815301076,1909f56bfc062723c751e8b465ee728b) [PhysX] Initialized MultithreadedTaskDispatcher with 22 workers.
[PhysX] Initialized MultithreadedTaskDispatcher with 22 workers.
 -> (artifact id: 'b69b5dd62ad50d5991b049b6f7b7685c') in 0.027100 seconds
Number of updated asset objects reloaded before import = 0
Number of asset objects unloaded after import = 12
========================================================================
Received Import Request.
  Time since last request: 0.003486 seconds.
  path: Assets/BrokenVector/LowPolyDungeon/Prefabs/Tiles/Dungeon_Hall_Center.prefab
  artifactKey: Guid(ad723011623795149ab723c33c434c37) Importer(815301076,1909f56bfc062723c751e8b465ee728b)
Start importing Assets/BrokenVector/LowPolyDungeon/Prefabs/Tiles/Dungeon_Hall_Center.prefab using Guid(ad723011623795149ab723c33c434c37) Importer(815301076,1909f56bfc062723c751e8b465ee728b) [PhysX] Initialized MultithreadedTaskDispatcher with 22 workers.
[PhysX] Initialized MultithreadedTaskDispatcher with 22 workers.
 -> (artifact id: '86dc38d60eb48c7460f6471d3a0988de') in 0.028213 seconds
Number of updated asset objects reloaded before import = 0
Number of asset objects unloaded after import = 12
========================================================================
Received Import Request.
  Time since last request: 0.014050 seconds.
  path: Assets/BrokenVector/LowPolyDungeon/Prefabs/Tiles/Dungeon_Hall_Wall_Stairs_Left.prefab
  artifactKey: Guid(4896ba4e24abe11438ab4b34a382af54) Importer(815301076,1909f56bfc062723c751e8b465ee728b)
Start importing Assets/BrokenVector/LowPolyDungeon/Prefabs/Tiles/Dungeon_Hall_Wall_Stairs_Left.prefab using Guid(4896ba4e24abe11438ab4b34a382af54) Importer(815301076,1909f56bfc062723c751e8b465ee728b) [PhysX] Initialized MultithreadedTaskDispatcher with 22 workers.
[PhysX] Initialized MultithreadedTaskDispatcher with 22 workers.
 -> (artifact id: '79a23b2e01bebff352af2aa25ca1ba2c') in 0.027344 seconds
Number of updated asset objects reloaded before import = 0
Number of asset objects unloaded after import = 12
========================================================================
Received Import Request.
  Time since last request: 0.203648 seconds.
  path: Assets/BrokenVector/LowPolyDungeon/Prefabs/Tiles/Dungeon_Straight_14°.prefab
  artifactKey: Guid(6ed2c478f82171c4083dfd49cea2ac11) Importer(815301076,1909f56bfc062723c751e8b465ee728b)
Start importing Assets/BrokenVector/LowPolyDungeon/Prefabs/Tiles/Dungeon_Straight_14°.prefab using Guid(6ed2c478f82171c4083dfd49cea2ac11) Importer(815301076,1909f56bfc062723c751e8b465ee728b) [PhysX] Initialized MultithreadedTaskDispatcher with 22 workers.
[PhysX] Initialized MultithreadedTaskDispatcher with 22 workers.
 -> (artifact id: '2ec0995e744cc901dcc866df3c563bb4') in 0.025139 seconds
Number of updated asset objects reloaded before import = 0
Number of asset objects unloaded after import = 12
========================================================================
Received Import Request.
  Time since last request: 0.001206 seconds.
  path: Assets/BrokenVector/LowPolyDungeon/Prefabs/Tiles/Dungeon_Wall_Window.prefab
  artifactKey: Guid(1c7f74f16e3c3bb49a9bed63da51a052) Importer(815301076,1909f56bfc062723c751e8b465ee728b)
Start importing Assets/BrokenVector/LowPolyDungeon/Prefabs/Tiles/Dungeon_Wall_Window.prefab using Guid(1c7f74f16e3c3bb49a9bed63da51a052) Importer(815301076,1909f56bfc062723c751e8b465ee728b) [PhysX] Initialized MultithreadedTaskDispatcher with 22 workers.
[PhysX] Initialized MultithreadedTaskDispatcher with 22 workers.
 -> (artifact id: '5364ee6378ffe6b7999b996282898abc') in 0.025315 seconds
Number of updated asset objects reloaded before import = 0
Number of asset objects unloaded after import = 12
========================================================================
Received Import Request.
  Time since last request: 0.235296 seconds.
  path: Assets/BrokenVector/LowPolyDungeon/Prefabs/Tiles/Hallway_Double.prefab
  artifactKey: Guid(7e2b134344aa7c0449b99d1a47be113a) Importer(815301076,1909f56bfc062723c751e8b465ee728b)
Start importing Assets/BrokenVector/LowPolyDungeon/Prefabs/Tiles/Hallway_Double.prefab using Guid(7e2b134344aa7c0449b99d1a47be113a) Importer(815301076,1909f56bfc062723c751e8b465ee728b) [PhysX] Initialized MultithreadedTaskDispatcher with 22 workers.
[PhysX] Initialized MultithreadedTaskDispatcher with 22 workers.
 -> (artifact id: '29d9bb9535905b6c7f07f4e3976760df') in 0.025291 seconds
Number of updated asset objects reloaded before import = 0
Number of asset objects unloaded after import = 12
========================================================================
Received Import Request.
  Time since last request: 0.000067 seconds.
  path: Assets/BrokenVector/LowPolyDungeon/Prefabs/Tiles/Holefix_Double.prefab
  artifactKey: Guid(5e0793aa91d1c1248a76c8bb8a68d3ca) Importer(815301076,1909f56bfc062723c751e8b465ee728b)
Start importing Assets/BrokenVector/LowPolyDungeon/Prefabs/Tiles/Holefix_Double.prefab using Guid(5e0793aa91d1c1248a76c8bb8a68d3ca) Importer(815301076,1909f56bfc062723c751e8b465ee728b) [PhysX] Initialized MultithreadedTaskDispatcher with 22 workers.
[PhysX] Initialized MultithreadedTaskDispatcher with 22 workers.
 -> (artifact id: 'bbbee6a298dd04401818c6566f6eb655') in 0.040134 seconds
Number of updated asset objects reloaded before import = 0
Number of asset objects unloaded after import = 11
========================================================================
Received Import Request.
  Time since last request: 0.024837 seconds.
  path: Assets/BrokenVector/LowPolyDungeon/Prefabs/Tiles/Jail_Door_Left.prefab
  artifactKey: Guid(c18611346c4c58945a94163404f2e1e2) Importer(815301076,1909f56bfc062723c751e8b465ee728b)
Start importing Assets/BrokenVector/LowPolyDungeon/Prefabs/Tiles/Jail_Door_Left.prefab using Guid(c18611346c4c58945a94163404f2e1e2) Importer(815301076,1909f56bfc062723c751e8b465ee728b) [PhysX] Initialized MultithreadedTaskDispatcher with 22 workers.
[PhysX] Initialized MultithreadedTaskDispatcher with 22 workers.
 -> (artifact id: '601fc66e070e9f51e4b955897727bc36') in 0.026553 seconds
Number of updated asset objects reloaded before import = 0
Number of asset objects unloaded after import = 11
========================================================================
Received Import Request.
  Time since last request: 0.220390 seconds.
  path: Assets/BrokenVector/LowPolyDungeon/Prefabs/Tiles/Pillar.prefab
  artifactKey: Guid(27f210ed52b6c0f409f410ac194d0a7c) Importer(815301076,1909f56bfc062723c751e8b465ee728b)
Start importing Assets/BrokenVector/LowPolyDungeon/Prefabs/Tiles/Pillar.prefab using Guid(27f210ed52b6c0f409f410ac194d0a7c) Importer(815301076,1909f56bfc062723c751e8b465ee728b) [PhysX] Initialized MultithreadedTaskDispatcher with 22 workers.
[PhysX] Initialized MultithreadedTaskDispatcher with 22 workers.
 -> (artifact id: '247c0aeb4743c0ced8c296118ec37142') in 0.024858 seconds
Number of updated asset objects reloaded before import = 0
Number of asset objects unloaded after import = 11
========================================================================
Received Import Request.
  Time since last request: 0.033155 seconds.
  path: Assets/BrokenVector/LowPolyDungeon/Prefabs/Tiles/Stairs_High.prefab
  artifactKey: Guid(1e5e6584f4b365c49a0edc23ccafc87b) Importer(815301076,1909f56bfc062723c751e8b465ee728b)
Start importing Assets/BrokenVector/LowPolyDungeon/Prefabs/Tiles/Stairs_High.prefab using Guid(1e5e6584f4b365c49a0edc23ccafc87b) Importer(815301076,1909f56bfc062723c751e8b465ee728b) [PhysX] Initialized MultithreadedTaskDispatcher with 22 workers.
[PhysX] Initialized MultithreadedTaskDispatcher with 22 workers.
 -> (artifact id: '568ec09f640b248f5a952b13db662d25') in 0.030006 seconds
Number of updated asset objects reloaded before import = 0
Number of asset objects unloaded after import = 12
Editor requested this worker to shutdown with reason: Scaling down because of idle timeout
TcpMessagingSession - receive error: operation aborted. errorcode: 995, details: Der E/A-Vorgang wurde wegen eines Threadendes oder einer Anwendungsanforderung abgebrochen.
AssetImportWorker is now disconnected from the server
Process exiting
Exiting without the bug reporter. Application will terminate with return code 0